<?xml version="1.0" encoding="UTF-8"?>
<testng-results ignored="0" total="1" passed="1" failed="0" skipped="0">
  <reporter-output>
  </reporter-output>
  <suite started-at="2024-09-11T13:30:24 IST" name="Default suite" finished-at="2024-09-11T13:30:28 IST" duration-ms="3874">
    <groups>
    </groups>
    <test started-at="2024-09-11T13:30:24 IST" name="Default test" finished-at="2024-09-11T13:30:28 IST" duration-ms="3874">
      <class name="com.java.APIbasicauto.OAuthValidation">
        <test-method signature="oauth()[pri:0, instance:com.java.APIbasicauto.OAuthValidation@2a265ea9]" started-at="2024-09-11T13:30:24 IST" name="oauth" finished-at="2024-09-11T13:30:28 IST" duration-ms="3823" status="PASS">
          <reporter-output>
          </reporter-output>
        </test-method> <!-- oauth -->
      </class> <!-- com.java.APIbasicauto.OAuthValidation -->
    </test> <!-- Default test -->
  </suite> <!-- Default suite -->
</testng-results>
